 Fermi distribution function

Geometry optimization step: 16

Coordinates of moved atoms (au):
    1      3.69836402     -0.00000000     23.15429267
    2     11.96837186      0.00000000     23.15429267
    3     20.23837970     -0.00000000     23.15429267
    4     28.50838755      0.00000000     23.15429267
    5      0.43663991      3.13089802     23.15429267
    6      8.70664775      3.13089802     23.15429267
    7     16.97665559      3.13089802     23.15429267
    8     25.24666344      3.13089802     23.15429267
    9      3.69836402      6.26179604     23.15429267
   10     11.96837186      6.26179604     23.15429267
   11     20.23837970      6.26179604     23.15429267
   12     28.50838755      6.26179604     23.15429267
   13      0.43663991      9.39269405     23.15429267
   14      8.70664775      9.39269405     23.15429267
   15     16.97665559      9.39269405     23.15429267
   16     25.24666344      9.39269405     23.15429267
   17      3.69836402     12.52359207     23.15429267
   18     11.96837186     12.52359207     23.15429267
   19     20.23837970     12.52359207     23.15429267
   20     28.50838755     12.52359207     23.15429267
   21      0.43663991     15.65449009     23.15429267
   22      8.70664775     15.65449009     23.15429267
   23     16.97665559     15.65449009     23.15429267
   24     25.24666344     15.65449009     23.15429267
   25      3.69836402     18.78538811     23.15429267
   26     11.96837186     18.78538811     23.15429267
   27     20.23837970     18.78538811     23.15429267
   28     28.50838755     18.78538811     23.15429267
   29      0.43663991     21.91628613     23.15429267
   30      8.70664775     21.91628613     23.15429267
   31     16.97665559     21.91628613     23.15429267
   32     25.24666344     21.91628613     23.15429267
   33      3.69836402     25.04718414     23.15429267
   34     11.96837186     25.04718414     23.15429267
   35     20.23837970     25.04718414     23.15429267
   36     28.50838755     25.04718414     23.15429267
   37      0.43663991     28.17808216     23.15429267
   38      8.70664775     28.17808216     23.15429267
   39     16.97665559     28.17808216     23.15429267
   40     25.24666344     28.17808216     23.15429267
   41      4.57164383     -0.00000000     18.66686658
   42     12.84165167      0.00000000     18.66686658
   43     21.11165952     -0.00000000     18.66686658
   44     29.38166736      0.00000000     18.66686658
   45      7.83336794      3.13089802     18.66686658
   46     16.10337578      3.13089802     18.66686658
   47     24.37338363      3.13089802     18.66686658
   48     32.64339147      3.13089802     18.66686658
   49      4.57164383      6.26179604     18.66686658
   50     12.84165167      6.26179604     18.66686658
   51     21.11165952      6.26179604     18.66686658
   52     29.38166736      6.26179604     18.66686658
   53      7.83336794      9.39269405     18.66686658
   54     16.10337578      9.39269405     18.66686658
   55     24.37338363      9.39269405     18.66686658
   56     32.64339147      9.39269405     18.66686658
   57      4.57164383     12.52359207     18.66686658
   58     12.84165167     12.52359207     18.66686658
   59     21.11165952     12.52359207     18.66686658
   60     29.38166736     12.52359207     18.66686658
   61      7.83336794     15.65449009     18.66686658
   62     16.10337578     15.65449009     18.66686658
   63     24.37338363     15.65449009     18.66686658
   64     32.64339147     15.65449009     18.66686658
   65      4.57164383     18.78538811     18.66686658
   66     12.84165167     18.78538811     18.66686658
   67     21.11165952     18.78538811     18.66686658
   68     29.38166736     18.78538811     18.66686658
   69      7.83336794     21.91628613     18.66686658
   70     16.10337578     21.91628613     18.66686658
   71     24.37338363     21.91628613     18.66686658
   72     32.64339147     21.91628613     18.66686658
   73      4.57164383     25.04718414     18.66686658
   74     12.84165167     25.04718414     18.66686658
   75     21.11165952     25.04718414     18.66686658
   76     29.38166736     25.04718414     18.66686658
   77      7.83336794     28.17808216     18.66686658
   78     16.10337578     28.17808216     18.66686658
   79     24.37338363     28.17808216     18.66686658
   80     32.64339147     28.17808216     18.66686658

 Total charge:    -0.00000000

 Atomic gross charges (e)
 Atom           Charge
    1       0.00000000
    2       0.00000000
    3       0.00000000
    4       0.00000000
    5      -0.00000000
    6       0.00000000
    7       0.00000000
    8       0.00000000
    9       0.00000000
   10      -0.00000000
   11      -0.00000000
   12      -0.00000000
   13      -0.00000000
   14       0.00000000
   15       0.00000000
   16       0.00000000
   17      -0.00000000
   18      -0.00000000
   19       0.00000000
   20       0.00000000
   21       0.00000000
   22      -0.00000000
   23       0.00000000
   24      -0.00000000
   25      -0.00000000
   26       0.00000000
   27       0.00000000
   28       0.00000000
   29       0.00000000
   30       0.00000000
   31      -0.00000000
   32      -0.00000000
   33      -0.00000000
   34       0.00000000
   35       0.00000000
   36       0.00000000
   37      -0.00000000
   38       0.00000000
   39       0.00000000
   40      -0.00000000
   41      -0.00000000
   42       0.00000000
   43       0.00000000
   44       0.00000000
   45      -0.00000000
   46      -0.00000000
   47       0.00000000
   48      -0.00000000
   49       0.00000000
   50       0.00000000
   51      -0.00000000
   52       0.00000000
   53       0.00000000
   54      -0.00000000
   55      -0.00000000
   56       0.00000000
   57       0.00000000
   58      -0.00000000
   59      -0.00000000
   60       0.00000000
   61      -0.00000000
   62       0.00000000
   63      -0.00000000
   64       0.00000000
   65       0.00000000
   66      -0.00000000
   67       0.00000000
   68      -0.00000000
   69      -0.00000000
   70       0.00000000
   71      -0.00000000
   72      -0.00000000
   73      -0.00000000
   74       0.00000000
   75       0.00000000
   76      -0.00000000
   77       0.00000000
   78       0.00000000
   79      -0.00000000
   80      -0.00000000

Nr. of electrons (up):    400.00000000
Atom populations (up)
 Atom       Population
    1       5.00000000
    2       5.00000000
    3       5.00000000
    4       5.00000000
    5       5.00000000
    6       5.00000000
    7       5.00000000
    8       5.00000000
    9       5.00000000
   10       5.00000000
   11       5.00000000
   12       5.00000000
   13       5.00000000
   14       5.00000000
   15       5.00000000
   16       5.00000000
   17       5.00000000
   18       5.00000000
   19       5.00000000
   20       5.00000000
   21       5.00000000
   22       5.00000000
   23       5.00000000
   24       5.00000000
   25       5.00000000
   26       5.00000000
   27       5.00000000
   28       5.00000000
   29       5.00000000
   30       5.00000000
   31       5.00000000
   32       5.00000000
   33       5.00000000
   34       5.00000000
   35       5.00000000
   36       5.00000000
   37       5.00000000
   38       5.00000000
   39       5.00000000
   40       5.00000000
   41       5.00000000
   42       5.00000000
   43       5.00000000
   44       5.00000000
   45       5.00000000
   46       5.00000000
   47       5.00000000
   48       5.00000000
   49       5.00000000
   50       5.00000000
   51       5.00000000
   52       5.00000000
   53       5.00000000
   54       5.00000000
   55       5.00000000
   56       5.00000000
   57       5.00000000
   58       5.00000000
   59       5.00000000
   60       5.00000000
   61       5.00000000
   62       5.00000000
   63       5.00000000
   64       5.00000000
   65       5.00000000
   66       5.00000000
   67       5.00000000
   68       5.00000000
   69       5.00000000
   70       5.00000000
   71       5.00000000
   72       5.00000000
   73       5.00000000
   74       5.00000000
   75       5.00000000
   76       5.00000000
   77       5.00000000
   78       5.00000000
   79       5.00000000
   80       5.00000000

l-shell populations (up)
 Atom Sh.   l       Population
    1   1   0       1.78556482
    1   2   1       3.00338765
    1   3   2       0.21104753
    2   1   0       1.78556482
    2   2   1       3.00338765
    2   3   2       0.21104753
    3   1   0       1.78556482
    3   2   1       3.00338765
    3   3   2       0.21104753
    4   1   0       1.78556482
    4   2   1       3.00338765
    4   3   2       0.21104753
    5   1   0       1.78556482
    5   2   1       3.00338765
    5   3   2       0.21104753
    6   1   0       1.78556482
    6   2   1       3.00338765
    6   3   2       0.21104753
    7   1   0       1.78556482
    7   2   1       3.00338765
    7   3   2       0.21104753
    8   1   0       1.78556482
    8   2   1       3.00338765
    8   3   2       0.21104753
    9   1   0       1.78556482
    9   2   1       3.00338765
    9   3   2       0.21104753
   10   1   0       1.78556482
   10   2   1       3.00338765
   10   3   2       0.21104753
   11   1   0       1.78556482
   11   2   1       3.00338765
   11   3   2       0.21104753
   12   1   0       1.78556482
   12   2   1       3.00338765
   12   3   2       0.21104753
   13   1   0       1.78556482
   13   2   1       3.00338765
   13   3   2       0.21104753
   14   1   0       1.78556482
   14   2   1       3.00338765
   14   3   2       0.21104753
   15   1   0       1.78556482
   15   2   1       3.00338765
   15   3   2       0.21104753
   16   1   0       1.78556482
   16   2   1       3.00338765
   16   3   2       0.21104753
   17   1   0       1.78556482
   17   2   1       3.00338765
   17   3   2       0.21104753
   18   1   0       1.78556482
   18   2   1       3.00338765
   18   3   2       0.21104753
   19   1   0       1.78556482
   19   2   1       3.00338765
   19   3   2       0.21104753
   20   1   0       1.78556482
   20   2   1       3.00338765
   20   3   2       0.21104753
   21   1   0       1.78556482
   21   2   1       3.00338765
   21   3   2       0.21104753
   22   1   0       1.78556482
   22   2   1       3.00338765
   22   3   2       0.21104753
   23   1   0       1.78556482
   23   2   1       3.00338765
   23   3   2       0.21104753
   24   1   0       1.78556482
   24   2   1       3.00338765
   24   3   2       0.21104753
   25   1   0       1.78556482
   25   2   1       3.00338765
   25   3   2       0.21104753
   26   1   0       1.78556482
   26   2   1       3.00338765
   26   3   2       0.21104753
   27   1   0       1.78556482
   27   2   1       3.00338765
   27   3   2       0.21104753
   28   1   0       1.78556482
   28   2   1       3.00338765
   28   3   2       0.21104753
   29   1   0       1.78556482
   29   2   1       3.00338765
   29   3   2       0.21104753
   30   1   0       1.78556482
   30   2   1       3.00338765
   30   3   2       0.21104753
   31   1   0       1.78556482
   31   2   1       3.00338765
   31   3   2       0.21104753
   32   1   0       1.78556482
   32   2   1       3.00338765
   32   3   2       0.21104753
   33   1   0       1.78556482
   33   2   1       3.00338765
   33   3   2       0.21104753
   34   1   0       1.78556482
   34   2   1       3.00338765
   34   3   2       0.21104753
   35   1   0       1.78556482
   35   2   1       3.00338765
   35   3   2       0.21104753
   36   1   0       1.78556482
   36   2   1       3.00338765
   36   3   2       0.21104753
   37   1   0       1.78556482
   37   2   1       3.00338765
   37   3   2       0.21104753
   38   1   0       1.78556482
   38   2   1       3.00338765
   38   3   2       0.21104753
   39   1   0       1.78556482
   39   2   1       3.00338765
   39   3   2       0.21104753
   40   1   0       1.78556482
   40   2   1       3.00338765
   40   3   2       0.21104753
   41   1   0       1.78556482
   41   2   1       3.00338765
   41   3   2       0.21104753
   42   1   0       1.78556482
   42   2   1       3.00338765
   42   3   2       0.21104753
   43   1   0       1.78556482
   43   2   1       3.00338765
   43   3   2       0.21104753
   44   1   0       1.78556482
   44   2   1       3.00338765
   44   3   2       0.21104753
   45   1   0       1.78556482
   45   2   1       3.00338765
   45   3   2       0.21104753
   46   1   0       1.78556482
   46   2   1       3.00338765
   46   3   2       0.21104753
   47   1   0       1.78556482
   47   2   1       3.00338765
   47   3   2       0.21104753
   48   1   0       1.78556482
   48   2   1       3.00338765
   48   3   2       0.21104753
   49   1   0       1.78556482
   49   2   1       3.00338765
   49   3   2       0.21104753
   50   1   0       1.78556482
   50   2   1       3.00338765
   50   3   2       0.21104753
   51   1   0       1.78556482
   51   2   1       3.00338765
   51   3   2       0.21104753
   52   1   0       1.78556482
   52   2   1       3.00338765
   52   3   2       0.21104753
   53   1   0       1.78556482
   53   2   1       3.00338765
   53   3   2       0.21104753
   54   1   0       1.78556482
   54   2   1       3.00338765
   54   3   2       0.21104753
   55   1   0       1.78556482
   55   2   1       3.00338765
   55   3   2       0.21104753
   56   1   0       1.78556482
   56   2   1       3.00338765
   56   3   2       0.21104753
   57   1   0       1.78556482
   57   2   1       3.00338765
   57   3   2       0.21104753
   58   1   0       1.78556482
   58   2   1       3.00338765
   58   3   2       0.21104753
   59   1   0       1.78556482
   59   2   1       3.00338765
   59   3   2       0.21104753
   60   1   0       1.78556482
   60   2   1       3.00338765
   60   3   2       0.21104753
   61   1   0       1.78556482
   61   2   1       3.00338765
   61   3   2       0.21104753
   62   1   0       1.78556482
   62   2   1       3.00338765
   62   3   2       0.21104753
   63   1   0       1.78556482
   63   2   1       3.00338765
   63   3   2       0.21104753
   64   1   0       1.78556482
   64   2   1       3.00338765
   64   3   2       0.21104753
   65   1   0       1.78556482
   65   2   1       3.00338765
   65   3   2       0.21104753
   66   1   0       1.78556482
   66   2   1       3.00338765
   66   3   2       0.21104753
   67   1   0       1.78556482
   67   2   1       3.00338765
   67   3   2       0.21104753
   68   1   0       1.78556482
   68   2   1       3.00338765
   68   3   2       0.21104753
   69   1   0       1.78556482
   69   2   1       3.00338765
   69   3   2       0.21104753
   70   1   0       1.78556482
   70   2   1       3.00338765
   70   3   2       0.21104753
   71   1   0       1.78556482
   71   2   1       3.00338765
   71   3   2       0.21104753
   72   1   0       1.78556482
   72   2   1       3.00338765
   72   3   2       0.21104753
   73   1   0       1.78556482
   73   2   1       3.00338765
   73   3   2       0.21104753
   74   1   0       1.78556482
   74   2   1       3.00338765
   74   3   2       0.21104753
   75   1   0       1.78556482
   75   2   1       3.00338765
   75   3   2       0.21104753
   76   1   0       1.78556482
   76   2   1       3.00338765
   76   3   2       0.21104753
   77   1   0       1.78556482
   77   2   1       3.00338765
   77   3   2       0.21104753
   78   1   0       1.78556482
   78   2   1       3.00338765
   78   3   2       0.21104753
   79   1   0       1.78556482
   79   2   1       3.00338765
   79   3   2       0.21104753
   80   1   0       1.78556482
   80   2   1       3.00338765
   80   3   2       0.21104753

Orbital populations (up)
 Atom Sh.   l   m       Population  Label
    1   1   0   0       1.78556482  s
    1   2   1  -1       0.95031885  p_y
    1   2   1   0       1.04550468  p_z
    1   2   1   1       1.00756412  p_x
    1   3   2  -2       0.06530170  d_xy
    1   3   2  -1       0.02928947  d_yz
    1   3   2   0       0.04090619  d_z2
    1   3   2   1       0.03569943  d_xz
    1   3   2   2       0.03985074  d_x2-y2
    2   1   0   0       1.78556482  s
    2   2   1  -1       0.95031885  p_y
    2   2   1   0       1.04550468  p_z
    2   2   1   1       1.00756412  p_x
    2   3   2  -2       0.06530170  d_xy
    2   3   2  -1       0.02928947  d_yz
    2   3   2   0       0.04090619  d_z2
    2   3   2   1       0.03569943  d_xz
    2   3   2   2       0.03985074  d_x2-y2
    3   1   0   0       1.78556482  s
    3   2   1  -1       0.95031885  p_y
    3   2   1   0       1.04550468  p_z
    3   2   1   1       1.00756412  p_x
    3   3   2  -2       0.06530170  d_xy
    3   3   2  -1       0.02928947  d_yz
    3   3   2   0       0.04090619  d_z2
    3   3   2   1       0.03569943  d_xz
    3   3   2   2       0.03985074  d_x2-y2
    4   1   0   0       1.78556482  s
    4   2   1  -1       0.95031885  p_y
    4   2   1   0       1.04550468  p_z
    4   2   1   1       1.00756412  p_x
    4   3   2  -2       0.06530170  d_xy
    4   3   2  -1       0.02928947  d_yz
    4   3   2   0       0.04090619  d_z2
    4   3   2   1       0.03569943  d_xz
    4   3   2   2       0.03985074  d_x2-y2
    5   1   0   0       1.78556482  s
    5   2   1  -1       0.95031885  p_y
    5   2   1   0       1.04550468  p_z
    5   2   1   1       1.00756412  p_x
    5   3   2  -2       0.06530170  d_xy
    5   3   2  -1       0.02928947  d_yz
    5   3   2   0       0.04090619  d_z2
    5   3   2   1       0.03569943  d_xz
    5   3   2   2       0.03985074  d_x2-y2
    6   1   0   0       1.78556482  s
    6   2   1  -1       0.95031885  p_y
    6   2   1   0       1.04550468  p_z
    6   2   1   1       1.00756412  p_x
    6   3   2  -2       0.06530170  d_xy
    6   3   2  -1       0.02928947  d_yz
    6   3   2   0       0.04090619  d_z2
    6   3   2   1       0.03569943  d_xz
    6   3   2   2       0.03985074  d_x2-y2
    7   1   0   0       1.78556482  s
    7   2   1  -1       0.95031885  p_y
    7   2   1   0       1.04550468  p_z
    7   2   1   1       1.00756412  p_x
    7   3   2  -2       0.06530170  d_xy
    7   3   2  -1       0.02928947  d_yz
    7   3   2   0       0.04090619  d_z2
    7   3   2   1       0.03569943  d_xz
    7   3   2   2       0.03985074  d_x2-y2
    8   1   0   0       1.78556482  s
    8   2   1  -1       0.95031885  p_y
    8   2   1   0       1.04550468  p_z
    8   2   1   1       1.00756412  p_x
    8   3   2  -2       0.06530170  d_xy
    8   3   2  -1       0.02928947  d_yz
    8   3   2   0       0.04090619  d_z2
    8   3   2   1       0.03569943  d_xz
    8   3   2   2       0.03985074  d_x2-y2
    9   1   0   0       1.78556482  s
    9   2   1  -1       0.95031885  p_y
    9   2   1   0       1.04550468  p_z
    9   2   1   1       1.00756412  p_x
    9   3   2  -2       0.06530170  d_xy
    9   3   2  -1       0.02928947  d_yz
    9   3   2   0       0.04090619  d_z2
    9   3   2   1       0.03569943  d_xz
    9   3   2   2       0.03985074  d_x2-y2
   10   1   0   0       1.78556482  s
   10   2   1  -1       0.95031885  p_y
   10   2   1   0       1.04550468  p_z
   10   2   1   1       1.00756412  p_x
   10   3   2  -2       0.06530170  d_xy
   10   3   2  -1       0.02928947  d_yz
   10   3   2   0       0.04090619  d_z2
   10   3   2   1       0.03569943  d_xz
   10   3   2   2       0.03985074  d_x2-y2
   11   1   0   0       1.78556482  s
   11   2   1  -1       0.95031885  p_y
   11   2   1   0       1.04550468  p_z
   11   2   1   1       1.00756412  p_x
   11   3   2  -2       0.06530170  d_xy
   11   3   2  -1       0.02928947  d_yz
   11   3   2   0       0.04090619  d_z2
   11   3   2   1       0.03569943  d_xz
   11   3   2   2       0.03985074  d_x2-y2
   12   1   0   0       1.78556482  s
   12   2   1  -1       0.95031885  p_y
   12   2   1   0       1.04550468  p_z
   12   2   1   1       1.00756412  p_x
   12   3   2  -2       0.06530170  d_xy
   12   3   2  -1       0.02928947  d_yz
   12   3   2   0       0.04090619  d_z2
   12   3   2   1       0.03569943  d_xz
   12   3   2   2       0.03985074  d_x2-y2
   13   1   0   0       1.78556482  s
   13   2   1  -1       0.95031885  p_y
   13   2   1   0       1.04550468  p_z
   13   2   1   1       1.00756412  p_x
   13   3   2  -2       0.06530170  d_xy
   13   3   2  -1       0.02928947  d_yz
   13   3   2   0       0.04090619  d_z2
   13   3   2   1       0.03569943  d_xz
   13   3   2   2       0.03985074  d_x2-y2
   14   1   0   0       1.78556482  s
   14   2   1  -1       0.95031885  p_y
   14   2   1   0       1.04550468  p_z
   14   2   1   1       1.00756412  p_x
   14   3   2  -2       0.06530170  d_xy
   14   3   2  -1       0.02928947  d_yz
   14   3   2   0       0.04090619  d_z2
   14   3   2   1       0.03569943  d_xz
   14   3   2   2       0.03985074  d_x2-y2
   15   1   0   0       1.78556482  s
   15   2   1  -1       0.95031885  p_y
   15   2   1   0       1.04550468  p_z
   15   2   1   1       1.00756412  p_x
   15   3   2  -2       0.06530170  d_xy
   15   3   2  -1       0.02928947  d_yz
   15   3   2   0       0.04090619  d_z2
   15   3   2   1       0.03569943  d_xz
   15   3   2   2       0.03985074  d_x2-y2
   16   1   0   0       1.78556482  s
   16   2   1  -1       0.95031885  p_y
   16   2   1   0       1.04550468  p_z
   16   2   1   1       1.00756412  p_x
   16   3   2  -2       0.06530170  d_xy
   16   3   2  -1       0.02928947  d_yz
   16   3   2   0       0.04090619  d_z2
   16   3   2   1       0.03569943  d_xz
   16   3   2   2       0.03985074  d_x2-y2
   17   1   0   0       1.78556482  s
   17   2   1  -1       0.95031885  p_y
   17   2   1   0       1.04550468  p_z
   17   2   1   1       1.00756412  p_x
   17   3   2  -2       0.06530170  d_xy
   17   3   2  -1       0.02928947  d_yz
   17   3   2   0       0.04090619  d_z2
   17   3   2   1       0.03569943  d_xz
   17   3   2   2       0.03985074  d_x2-y2
   18   1   0   0       1.78556482  s
   18   2   1  -1       0.95031885  p_y
   18   2   1   0       1.04550468  p_z
   18   2   1   1       1.00756412  p_x
   18   3   2  -2       0.06530170  d_xy
   18   3   2  -1       0.02928947  d_yz
   18   3   2   0       0.04090619  d_z2
   18   3   2   1       0.03569943  d_xz
   18   3   2   2       0.03985074  d_x2-y2
   19   1   0   0       1.78556482  s
   19   2   1  -1       0.95031885  p_y
   19   2   1   0       1.04550468  p_z
   19   2   1   1       1.00756412  p_x
   19   3   2  -2       0.06530170  d_xy
   19   3   2  -1       0.02928947  d_yz
   19   3   2   0       0.04090619  d_z2
   19   3   2   1       0.03569943  d_xz
   19   3   2   2       0.03985074  d_x2-y2
   20   1   0   0       1.78556482  s
   20   2   1  -1       0.95031885  p_y
   20   2   1   0       1.04550468  p_z
   20   2   1   1       1.00756412  p_x
   20   3   2  -2       0.06530170  d_xy
   20   3   2  -1       0.02928947  d_yz
   20   3   2   0       0.04090619  d_z2
   20   3   2   1       0.03569943  d_xz
   20   3   2   2       0.03985074  d_x2-y2
   21   1   0   0       1.78556482  s
   21   2   1  -1       0.95031885  p_y
   21   2   1   0       1.04550468  p_z
   21   2   1   1       1.00756412  p_x
   21   3   2  -2       0.06530170  d_xy
   21   3   2  -1       0.02928947  d_yz
   21   3   2   0       0.04090619  d_z2
   21   3   2   1       0.03569943  d_xz
   21   3   2   2       0.03985074  d_x2-y2
   22   1   0   0       1.78556482  s
   22   2   1  -1       0.95031885  p_y
   22   2   1   0       1.04550468  p_z
   22   2   1   1       1.00756412  p_x
   22   3   2  -2       0.06530170  d_xy
   22   3   2  -1       0.02928947  d_yz
   22   3   2   0       0.04090619  d_z2
   22   3   2   1       0.03569943  d_xz
   22   3   2   2       0.03985074  d_x2-y2
   23   1   0   0       1.78556482  s
   23   2   1  -1       0.95031885  p_y
   23   2   1   0       1.04550468  p_z
   23   2   1   1       1.00756412  p_x
   23   3   2  -2       0.06530170  d_xy
   23   3   2  -1       0.02928947  d_yz
   23   3   2   0       0.04090619  d_z2
   23   3   2   1       0.03569943  d_xz
   23   3   2   2       0.03985074  d_x2-y2
   24   1   0   0       1.78556482  s
   24   2   1  -1       0.95031885  p_y
   24   2   1   0       1.04550468  p_z
   24   2   1   1       1.00756412  p_x
   24   3   2  -2       0.06530170  d_xy
   24   3   2  -1       0.02928947  d_yz
   24   3   2   0       0.04090619  d_z2
   24   3   2   1       0.03569943  d_xz
   24   3   2   2       0.03985074  d_x2-y2
   25   1   0   0       1.78556482  s
   25   2   1  -1       0.95031885  p_y
   25   2   1   0       1.04550468  p_z
   25   2   1   1       1.00756412  p_x
   25   3   2  -2       0.06530170  d_xy
   25   3   2  -1       0.02928947  d_yz
   25   3   2   0       0.04090619  d_z2
   25   3   2   1       0.03569943  d_xz
   25   3   2   2       0.03985074  d_x2-y2
   26   1   0   0       1.78556482  s
   26   2   1  -1       0.95031885  p_y
   26   2   1   0       1.04550468  p_z
   26   2   1   1       1.00756412  p_x
   26   3   2  -2       0.06530170  d_xy
   26   3   2  -1       0.02928947  d_yz
   26   3   2   0       0.04090619  d_z2
   26   3   2   1       0.03569943  d_xz
   26   3   2   2       0.03985074  d_x2-y2
   27   1   0   0       1.78556482  s
   27   2   1  -1       0.95031885  p_y
   27   2   1   0       1.04550468  p_z
   27   2   1   1       1.00756412  p_x
   27   3   2  -2       0.06530170  d_xy
   27   3   2  -1       0.02928947  d_yz
   27   3   2   0       0.04090619  d_z2
   27   3   2   1       0.03569943  d_xz
   27   3   2   2       0.03985074  d_x2-y2
   28   1   0   0       1.78556482  s
   28   2   1  -1       0.95031885  p_y
   28   2   1   0       1.04550468  p_z
   28   2   1   1       1.00756412  p_x
   28   3   2  -2       0.06530170  d_xy
   28   3   2  -1       0.02928947  d_yz
   28   3   2   0       0.04090619  d_z2
   28   3   2   1       0.03569943  d_xz
   28   3   2   2       0.03985074  d_x2-y2
   29   1   0   0       1.78556482  s
   29   2   1  -1       0.95031885  p_y
   29   2   1   0       1.04550468  p_z
   29   2   1   1       1.00756412  p_x
   29   3   2  -2       0.06530170  d_xy
   29   3   2  -1       0.02928947  d_yz
   29   3   2   0       0.04090619  d_z2
   29   3   2   1       0.03569943  d_xz
   29   3   2   2       0.03985074  d_x2-y2
   30   1   0   0       1.78556482  s
   30   2   1  -1       0.95031885  p_y
   30   2   1   0       1.04550468  p_z
   30   2   1   1       1.00756412  p_x
   30   3   2  -2       0.06530170  d_xy
   30   3   2  -1       0.02928947  d_yz
   30   3   2   0       0.04090619  d_z2
   30   3   2   1       0.03569943  d_xz
   30   3   2   2       0.03985074  d_x2-y2
   31   1   0   0       1.78556482  s
   31   2   1  -1       0.95031885  p_y
   31   2   1   0       1.04550468  p_z
   31   2   1   1       1.00756412  p_x
   31   3   2  -2       0.06530170  d_xy
   31   3   2  -1       0.02928947  d_yz
   31   3   2   0       0.04090619  d_z2
   31   3   2   1       0.03569943  d_xz
   31   3   2   2       0.03985074  d_x2-y2
   32   1   0   0       1.78556482  s
   32   2   1  -1       0.95031885  p_y
   32   2   1   0       1.04550468  p_z
   32   2   1   1       1.00756412  p_x
   32   3   2  -2       0.06530170  d_xy
   32   3   2  -1       0.02928947  d_yz
   32   3   2   0       0.04090619  d_z2
   32   3   2   1       0.03569943  d_xz
   32   3   2   2       0.03985074  d_x2-y2
   33   1   0   0       1.78556482  s
   33   2   1  -1       0.95031885  p_y
   33   2   1   0       1.04550468  p_z
   33   2   1   1       1.00756412  p_x
   33   3   2  -2       0.06530170  d_xy
   33   3   2  -1       0.02928947  d_yz
   33   3   2   0       0.04090619  d_z2
   33   3   2   1       0.03569943  d_xz
   33   3   2   2       0.03985074  d_x2-y2
   34   1   0   0       1.78556482  s
   34   2   1  -1       0.95031885  p_y
   34   2   1   0       1.04550468  p_z
   34   2   1   1       1.00756412  p_x
   34   3   2  -2       0.06530170  d_xy
   34   3   2  -1       0.02928947  d_yz
   34   3   2   0       0.04090619  d_z2
   34   3   2   1       0.03569943  d_xz
   34   3   2   2       0.03985074  d_x2-y2
   35   1   0   0       1.78556482  s
   35   2   1  -1       0.95031885  p_y
   35   2   1   0       1.04550468  p_z
   35   2   1   1       1.00756412  p_x
   35   3   2  -2       0.06530170  d_xy
   35   3   2  -1       0.02928947  d_yz
   35   3   2   0       0.04090619  d_z2
   35   3   2   1       0.03569943  d_xz
   35   3   2   2       0.03985074  d_x2-y2
   36   1   0   0       1.78556482  s
   36   2   1  -1       0.95031885  p_y
   36   2   1   0       1.04550468  p_z
   36   2   1   1       1.00756412  p_x
   36   3   2  -2       0.06530170  d_xy
   36   3   2  -1       0.02928947  d_yz
   36   3   2   0       0.04090619  d_z2
   36   3   2   1       0.03569943  d_xz
   36   3   2   2       0.03985074  d_x2-y2
   37   1   0   0       1.78556482  s
   37   2   1  -1       0.95031885  p_y
   37   2   1   0       1.04550468  p_z
   37   2   1   1       1.00756412  p_x
   37   3   2  -2       0.06530170  d_xy
   37   3   2  -1       0.02928947  d_yz
   37   3   2   0       0.04090619  d_z2
   37   3   2   1       0.03569943  d_xz
   37   3   2   2       0.03985074  d_x2-y2
   38   1   0   0       1.78556482  s
   38   2   1  -1       0.95031885  p_y
   38   2   1   0       1.04550468  p_z
   38   2   1   1       1.00756412  p_x
   38   3   2  -2       0.06530170  d_xy
   38   3   2  -1       0.02928947  d_yz
   38   3   2   0       0.04090619  d_z2
   38   3   2   1       0.03569943  d_xz
   38   3   2   2       0.03985074  d_x2-y2
   39   1   0   0       1.78556482  s
   39   2   1  -1       0.95031885  p_y
   39   2   1   0       1.04550468  p_z
   39   2   1   1       1.00756412  p_x
   39   3   2  -2       0.06530170  d_xy
   39   3   2  -1       0.02928947  d_yz
   39   3   2   0       0.04090619  d_z2
   39   3   2   1       0.03569943  d_xz
   39   3   2   2       0.03985074  d_x2-y2
   40   1   0   0       1.78556482  s
   40   2   1  -1       0.95031885  p_y
   40   2   1   0       1.04550468  p_z
   40   2   1   1       1.00756412  p_x
   40   3   2  -2       0.06530170  d_xy
   40   3   2  -1       0.02928947  d_yz
   40   3   2   0       0.04090619  d_z2
   40   3   2   1       0.03569943  d_xz
   40   3   2   2       0.03985074  d_x2-y2
   41   1   0   0       1.78556482  s
   41   2   1  -1       0.95031885  p_y
   41   2   1   0       1.04550468  p_z
   41   2   1   1       1.00756412  p_x
   41   3   2  -2       0.06530170  d_xy
   41   3   2  -1       0.02928947  d_yz
   41   3   2   0       0.04090619  d_z2
   41   3   2   1       0.03569943  d_xz
   41   3   2   2       0.03985074  d_x2-y2
   42   1   0   0       1.78556482  s
   42   2   1  -1       0.95031885  p_y
   42   2   1   0       1.04550468  p_z
   42   2   1   1       1.00756412  p_x
   42   3   2  -2       0.06530170  d_xy
   42   3   2  -1       0.02928947  d_yz
   42   3   2   0       0.04090619  d_z2
   42   3   2   1       0.03569943  d_xz
   42   3   2   2       0.03985074  d_x2-y2
   43   1   0   0       1.78556482  s
   43   2   1  -1       0.95031885  p_y
   43   2   1   0       1.04550468  p_z
   43   2   1   1       1.00756412  p_x
   43   3   2  -2       0.06530170  d_xy
   43   3   2  -1       0.02928947  d_yz
   43   3   2   0       0.04090619  d_z2
   43   3   2   1       0.03569943  d_xz
   43   3   2   2       0.03985074  d_x2-y2
   44   1   0   0       1.78556482  s
   44   2   1  -1       0.95031885  p_y
   44   2   1   0       1.04550468  p_z
   44   2   1   1       1.00756412  p_x
   44   3   2  -2       0.06530170  d_xy
   44   3   2  -1       0.02928947  d_yz
   44   3   2   0       0.04090619  d_z2
   44   3   2   1       0.03569943  d_xz
   44   3   2   2       0.03985074  d_x2-y2
   45   1   0   0       1.78556482  s
   45   2   1  -1       0.95031885  p_y
   45   2   1   0       1.04550468  p_z
   45   2   1   1       1.00756412  p_x
   45   3   2  -2       0.06530170  d_xy
   45   3   2  -1       0.02928947  d_yz
   45   3   2   0       0.04090619  d_z2
   45   3   2   1       0.03569943  d_xz
   45   3   2   2       0.03985074  d_x2-y2
   46   1   0   0       1.78556482  s
   46   2   1  -1       0.95031885  p_y
   46   2   1   0       1.04550468  p_z
   46   2   1   1       1.00756412  p_x
   46   3   2  -2       0.06530170  d_xy
   46   3   2  -1       0.02928947  d_yz
   46   3   2   0       0.04090619  d_z2
   46   3   2   1       0.03569943  d_xz
   46   3   2   2       0.03985074  d_x2-y2
   47   1   0   0       1.78556482  s
   47   2   1  -1       0.95031885  p_y
   47   2   1   0       1.04550468  p_z
   47   2   1   1       1.00756412  p_x
   47   3   2  -2       0.06530170  d_xy
   47   3   2  -1       0.02928947  d_yz
   47   3   2   0       0.04090619  d_z2
   47   3   2   1       0.03569943  d_xz
   47   3   2   2       0.03985074  d_x2-y2
   48   1   0   0       1.78556482  s
   48   2   1  -1       0.95031885  p_y
   48   2   1   0       1.04550468  p_z
   48   2   1   1       1.00756412  p_x
   48   3   2  -2       0.06530170  d_xy
   48   3   2  -1       0.02928947  d_yz
   48   3   2   0       0.04090619  d_z2
   48   3   2   1       0.03569943  d_xz
   48   3   2   2       0.03985074  d_x2-y2
   49   1   0   0       1.78556482  s
   49   2   1  -1       0.95031885  p_y
   49   2   1   0       1.04550468  p_z
   49   2   1   1       1.00756412  p_x
   49   3   2  -2       0.06530170  d_xy
   49   3   2  -1       0.02928947  d_yz
   49   3   2   0       0.04090619  d_z2
   49   3   2   1       0.03569943  d_xz
   49   3   2   2       0.03985074  d_x2-y2
   50   1   0   0       1.78556482  s
   50   2   1  -1       0.95031885  p_y
   50   2   1   0       1.04550468  p_z
   50   2   1   1       1.00756412  p_x
   50   3   2  -2       0.06530170  d_xy
   50   3   2  -1       0.02928947  d_yz
   50   3   2   0       0.04090619  d_z2
   50   3   2   1       0.03569943  d_xz
   50   3   2   2       0.03985074  d_x2-y2
   51   1   0   0       1.78556482  s
   51   2   1  -1       0.95031885  p_y
   51   2   1   0       1.04550468  p_z
   51   2   1   1       1.00756412  p_x
   51   3   2  -2       0.06530170  d_xy
   51   3   2  -1       0.02928947  d_yz
   51   3   2   0       0.04090619  d_z2
   51   3   2   1       0.03569943  d_xz
   51   3   2   2       0.03985074  d_x2-y2
   52   1   0   0       1.78556482  s
   52   2   1  -1       0.95031885  p_y
   52   2   1   0       1.04550468  p_z
   52   2   1   1       1.00756412  p_x
   52   3   2  -2       0.06530170  d_xy
   52   3   2  -1       0.02928947  d_yz
   52   3   2   0       0.04090619  d_z2
   52   3   2   1       0.03569943  d_xz
   52   3   2   2       0.03985074  d_x2-y2
   53   1   0   0       1.78556482  s
   53   2   1  -1       0.95031885  p_y
   53   2   1   0       1.04550468  p_z
   53   2   1   1       1.00756412  p_x
   53   3   2  -2       0.06530170  d_xy
   53   3   2  -1       0.02928947  d_yz
   53   3   2   0       0.04090619  d_z2
   53   3   2   1       0.03569943  d_xz
   53   3   2   2       0.03985074  d_x2-y2
   54   1   0   0       1.78556482  s
   54   2   1  -1       0.95031885  p_y
   54   2   1   0       1.04550468  p_z
   54   2   1   1       1.00756412  p_x
   54   3   2  -2       0.06530170  d_xy
   54   3   2  -1       0.02928947  d_yz
   54   3   2   0       0.04090619  d_z2
   54   3   2   1       0.03569943  d_xz
   54   3   2   2       0.03985074  d_x2-y2
   55   1   0   0       1.78556482  s
   55   2   1  -1       0.95031885  p_y
   55   2   1   0       1.04550468  p_z
   55   2   1   1       1.00756412  p_x
   55   3   2  -2       0.06530170  d_xy
   55   3   2  -1       0.02928947  d_yz
   55   3   2   0       0.04090619  d_z2
   55   3   2   1       0.03569943  d_xz
   55   3   2   2       0.03985074  d_x2-y2
   56   1   0   0       1.78556482  s
   56   2   1  -1       0.95031885  p_y
   56   2   1   0       1.04550468  p_z
   56   2   1   1       1.00756412  p_x
   56   3   2  -2       0.06530170  d_xy
   56   3   2  -1       0.02928947  d_yz
   56   3   2   0       0.04090619  d_z2
   56   3   2   1       0.03569943  d_xz
   56   3   2   2       0.03985074  d_x2-y2
   57   1   0   0       1.78556482  s
   57   2   1  -1       0.95031885  p_y
   57   2   1   0       1.04550468  p_z
   57   2   1   1       1.00756412  p_x
   57   3   2  -2       0.06530170  d_xy
   57   3   2  -1       0.02928947  d_yz
   57   3   2   0       0.04090619  d_z2
   57   3   2   1       0.03569943  d_xz
   57   3   2   2       0.03985074  d_x2-y2
   58   1   0   0       1.78556482  s
   58   2   1  -1       0.95031885  p_y
   58   2   1   0       1.04550468  p_z
   58   2   1   1       1.00756412  p_x
   58   3   2  -2       0.06530170  d_xy
   58   3   2  -1       0.02928947  d_yz
   58   3   2   0       0.04090619  d_z2
   58   3   2   1       0.03569943  d_xz
   58   3   2   2       0.03985074  d_x2-y2
   59   1   0   0       1.78556482  s
   59   2   1  -1       0.95031885  p_y
   59   2   1   0       1.04550468  p_z
   59   2   1   1       1.00756412  p_x
   59   3   2  -2       0.06530170  d_xy
   59   3   2  -1       0.02928947  d_yz
   59   3   2   0       0.04090619  d_z2
   59   3   2   1       0.03569943  d_xz
   59   3   2   2       0.03985074  d_x2-y2
   60   1   0   0       1.78556482  s
   60   2   1  -1       0.95031885  p_y
   60   2   1   0       1.04550468  p_z
   60   2   1   1       1.00756412  p_x
   60   3   2  -2       0.06530170  d_xy
   60   3   2  -1       0.02928947  d_yz
   60   3   2   0       0.04090619  d_z2
   60   3   2   1       0.03569943  d_xz
   60   3   2   2       0.03985074  d_x2-y2
   61   1   0   0       1.78556482  s
   61   2   1  -1       0.95031885  p_y
   61   2   1   0       1.04550468  p_z
   61   2   1   1       1.00756412  p_x
   61   3   2  -2       0.06530170  d_xy
   61   3   2  -1       0.02928947  d_yz
   61   3   2   0       0.04090619  d_z2
   61   3   2   1       0.03569943  d_xz
   61   3   2   2       0.03985074  d_x2-y2
   62   1   0   0       1.78556482  s
   62   2   1  -1       0.95031885  p_y
   62   2   1   0       1.04550468  p_z
   62   2   1   1       1.00756412  p_x
   62   3   2  -2       0.06530170  d_xy
   62   3   2  -1       0.02928947  d_yz
   62   3   2   0       0.04090619  d_z2
   62   3   2   1       0.03569943  d_xz
   62   3   2   2       0.03985074  d_x2-y2
   63   1   0   0       1.78556482  s
   63   2   1  -1       0.95031885  p_y
   63   2   1   0       1.04550468  p_z
   63   2   1   1       1.00756412  p_x
   63   3   2  -2       0.06530170  d_xy
   63   3   2  -1       0.02928947  d_yz
   63   3   2   0       0.04090619  d_z2
   63   3   2   1       0.03569943  d_xz
   63   3   2   2       0.03985074  d_x2-y2
   64   1   0   0       1.78556482  s
   64   2   1  -1       0.95031885  p_y
   64   2   1   0       1.04550468  p_z
   64   2   1   1       1.00756412  p_x
   64   3   2  -2       0.06530170  d_xy
   64   3   2  -1       0.02928947  d_yz
   64   3   2   0       0.04090619  d_z2
   64   3   2   1       0.03569943  d_xz
   64   3   2   2       0.03985074  d_x2-y2
   65   1   0   0       1.78556482  s
   65   2   1  -1       0.95031885  p_y
   65   2   1   0       1.04550468  p_z
   65   2   1   1       1.00756412  p_x
   65   3   2  -2       0.06530170  d_xy
   65   3   2  -1       0.02928947  d_yz
   65   3   2   0       0.04090619  d_z2
   65   3   2   1       0.03569943  d_xz
   65   3   2   2       0.03985074  d_x2-y2
   66   1   0   0       1.78556482  s
   66   2   1  -1       0.95031885  p_y
   66   2   1   0       1.04550468  p_z
   66   2   1   1       1.00756412  p_x
   66   3   2  -2       0.06530170  d_xy
   66   3   2  -1       0.02928947  d_yz
   66   3   2   0       0.04090619  d_z2
   66   3   2   1       0.03569943  d_xz
   66   3   2   2       0.03985074  d_x2-y2
   67   1   0   0       1.78556482  s
   67   2   1  -1       0.95031885  p_y
   67   2   1   0       1.04550468  p_z
   67   2   1   1       1.00756412  p_x
   67   3   2  -2       0.06530170  d_xy
   67   3   2  -1       0.02928947  d_yz
   67   3   2   0       0.04090619  d_z2
   67   3   2   1       0.03569943  d_xz
   67   3   2   2       0.03985074  d_x2-y2
   68   1   0   0       1.78556482  s
   68   2   1  -1       0.95031885  p_y
   68   2   1   0       1.04550468  p_z
   68   2   1   1       1.00756412  p_x
   68   3   2  -2       0.06530170  d_xy
   68   3   2  -1       0.02928947  d_yz
   68   3   2   0       0.04090619  d_z2
   68   3   2   1       0.03569943  d_xz
   68   3   2   2       0.03985074  d_x2-y2
   69   1   0   0       1.78556482  s
   69   2   1  -1       0.95031885  p_y
   69   2   1   0       1.04550468  p_z
   69   2   1   1       1.00756412  p_x
   69   3   2  -2       0.06530170  d_xy
   69   3   2  -1       0.02928947  d_yz
   69   3   2   0       0.04090619  d_z2
   69   3   2   1       0.03569943  d_xz
   69   3   2   2       0.03985074  d_x2-y2
   70   1   0   0       1.78556482  s
   70   2   1  -1       0.95031885  p_y
   70   2   1   0       1.04550468  p_z
   70   2   1   1       1.00756412  p_x
   70   3   2  -2       0.06530170  d_xy
   70   3   2  -1       0.02928947  d_yz
   70   3   2   0       0.04090619  d_z2
   70   3   2   1       0.03569943  d_xz
   70   3   2   2       0.03985074  d_x2-y2
   71   1   0   0       1.78556482  s
   71   2   1  -1       0.95031885  p_y
   71   2   1   0       1.04550468  p_z
   71   2   1   1       1.00756412  p_x
   71   3   2  -2       0.06530170  d_xy
   71   3   2  -1       0.02928947  d_yz
   71   3   2   0       0.04090619  d_z2
   71   3   2   1       0.03569943  d_xz
   71   3   2   2       0.03985074  d_x2-y2
   72   1   0   0       1.78556482  s
   72   2   1  -1       0.95031885  p_y
   72   2   1   0       1.04550468  p_z
   72   2   1   1       1.00756412  p_x
   72   3   2  -2       0.06530170  d_xy
   72   3   2  -1       0.02928947  d_yz
   72   3   2   0       0.04090619  d_z2
   72   3   2   1       0.03569943  d_xz
   72   3   2   2       0.03985074  d_x2-y2
   73   1   0   0       1.78556482  s
   73   2   1  -1       0.95031885  p_y
   73   2   1   0       1.04550468  p_z
   73   2   1   1       1.00756412  p_x
   73   3   2  -2       0.06530170  d_xy
   73   3   2  -1       0.02928947  d_yz
   73   3   2   0       0.04090619  d_z2
   73   3   2   1       0.03569943  d_xz
   73   3   2   2       0.03985074  d_x2-y2
   74   1   0   0       1.78556482  s
   74   2   1  -1       0.95031885  p_y
   74   2   1   0       1.04550468  p_z
   74   2   1   1       1.00756412  p_x
   74   3   2  -2       0.06530170  d_xy
   74   3   2  -1       0.02928947  d_yz
   74   3   2   0       0.04090619  d_z2
   74   3   2   1       0.03569943  d_xz
   74   3   2   2       0.03985074  d_x2-y2
   75   1   0   0       1.78556482  s
   75   2   1  -1       0.95031885  p_y
   75   2   1   0       1.04550468  p_z
   75   2   1   1       1.00756412  p_x
   75   3   2  -2       0.06530170  d_xy
   75   3   2  -1       0.02928947  d_yz
   75   3   2   0       0.04090619  d_z2
   75   3   2   1       0.03569943  d_xz
   75   3   2   2       0.03985074  d_x2-y2
   76   1   0   0       1.78556482  s
   76   2   1  -1       0.95031885  p_y
   76   2   1   0       1.04550468  p_z
   76   2   1   1       1.00756412  p_x
   76   3   2  -2       0.06530170  d_xy
   76   3   2  -1       0.02928947  d_yz
   76   3   2   0       0.04090619  d_z2
   76   3   2   1       0.03569943  d_xz
   76   3   2   2       0.03985074  d_x2-y2
   77   1   0   0       1.78556482  s
   77   2   1  -1       0.95031885  p_y
   77   2   1   0       1.04550468  p_z
   77   2   1   1       1.00756412  p_x
   77   3   2  -2       0.06530170  d_xy
   77   3   2  -1       0.02928947  d_yz
   77   3   2   0       0.04090619  d_z2
   77   3   2   1       0.03569943  d_xz
   77   3   2   2       0.03985074  d_x2-y2
   78   1   0   0       1.78556482  s
   78   2   1  -1       0.95031885  p_y
   78   2   1   0       1.04550468  p_z
   78   2   1   1       1.00756412  p_x
   78   3   2  -2       0.06530170  d_xy
   78   3   2  -1       0.02928947  d_yz
   78   3   2   0       0.04090619  d_z2
   78   3   2   1       0.03569943  d_xz
   78   3   2   2       0.03985074  d_x2-y2
   79   1   0   0       1.78556482  s
   79   2   1  -1       0.95031885  p_y
   79   2   1   0       1.04550468  p_z
   79   2   1   1       1.00756412  p_x
   79   3   2  -2       0.06530170  d_xy
   79   3   2  -1       0.02928947  d_yz
   79   3   2   0       0.04090619  d_z2
   79   3   2   1       0.03569943  d_xz
   79   3   2   2       0.03985074  d_x2-y2
   80   1   0   0       1.78556482  s
   80   2   1  -1       0.95031885  p_y
   80   2   1   0       1.04550468  p_z
   80   2   1   1       1.00756412  p_x
   80   3   2  -2       0.06530170  d_xy
   80   3   2  -1       0.02928947  d_yz
   80   3   2   0       0.04090619  d_z2
   80   3   2   1       0.03569943  d_xz
   80   3   2   2       0.03985074  d_x2-y2

Fermi level:                        -0.1681011375 H           -4.5743 eV
Band energy:                      -147.0517002475 H        -4001.4804 eV
TS:                                  0.0000000000 H            0.0000 eV
Band free energy (E-TS):          -147.0517002475 H        -4001.4804 eV
Extrapolated E(0K):               -147.0517002475 H        -4001.4804 eV
Output electrons (q):    400.0000000000

Energy H0:                        -147.0517002475 H        -4001.4804 eV
Total Electronic energy:          -147.0517002475 H        -4001.4804 eV
Repulsive energy:                    5.1226052548 H          139.3932 eV
Total energy:                     -141.9290949927 H        -3862.0872 eV
Extrapolated to 0:                -141.9290949927 H        -3862.0872 eV
Total Mermin free energy:         -141.9290949927 H        -3862.0872 eV
Force related energy:             -141.9290949927 H        -3862.0872 eV

Non-SCC calculation

Full geometry written in geo_end.{xyz|gen}

Geometry converged

